<?xml version="1.0" encoding="UTF-8"?>
<testsuite name="TestSuite" time="170.413" tests="1" errors="0" skipped="0" failures="1">
  <properties>
[...]
</properties>
  <testcase name="feature" classname="TestRunner.TestRunner" time="170.413">
    <failure message="org.openqa.selenium.NoSuchElementException: no such element: Unable to locate element: {&quot;method&quot;:&quot;xpath&quot;,&quot;selector&quot;:&quot;//*[text()=&apos;Recommended&apos;]&quot;}&#10;  (Session info: chrome=72.0.3626.109)&#10;  (Driver info: chromedriver=73.0.3683.20 (8e2b610813e167eee3619ac4ce6e42e3ec622017),platform=Windows NT 10.0.15063 x86_64) (WARNING: The server did not provide any stacktrace information)&#10;Command duration or timeout: 0 milliseconds&#10;For documentation on this error, please visit: http://seleniumhq.org/exceptions/no_such_element.html&#10;Build info: version: &apos;3.6.0&apos;, revision: &apos;6fbf3ec767&apos;, time: &apos;2017-09-27T15:28:36.4Z&apos;&#10;System info: host: &apos;G9GPW5H2E&apos;, ip: &apos;192.168.1.2&apos;, os.name: &apos;Windows 10&apos;, os.arch: &apos;amd64&apos;, os.version: &apos;10.0&apos;, java.version: &apos;1.8.0_201&apos;&#10;Driver info: org.openqa.selenium.chrome.ChromeDriver&#10;Capabilities [{mobileEmulationEnabled=false, timeouts={implicit=0, pageLoad=300000, script=30000}, hasTouchScreen=false, platform=XP, acceptSslCerts=false, goog:chromeOptions={debuggerAddress=localhost:65385}, acceptInsecureCerts=false, webStorageEnabled=true, browserName=chrome, takesScreenshot=true, javascriptEnabled=true, platformName=XP, setWindowRect=true, unexpectedAlertBehaviour=ignore, applicationCacheEnabled=false, rotatable=false, networkConnectionEnabled=false, chrome={chromedriverVersion=73.0.3683.20 (8e2b610813e167eee3619ac4ce6e42e3ec622017), userDataDir=C:\Users\212720~1\AppData\Local\Temp\scoped_dir6524_25944}, takesHeapSnapshot=true, unhandledPromptBehavior=ignore, pageLoadStrategy=normal, strictFileInteractability=false, databaseEnabled=false, handlesAlerts=true, version=72.0.3626.109, browserConnectionEnabled=false, proxy=Proxy(), nativeEvents=true, locationContextEnabled=true, cssSelectorsEnabled=true}]&#10;Session ID: 310247b3c6f77360cc4033908b8a0e8e&#10;*** Element info: {Using=xpath, value=//*[text()=&apos;Recommended&apos;]}" type="cucumber.runtime.CucumberException">cucumber.runtime.CucumberException: org.openqa.selenium.NoSuchElementException: no such element: Unable to locate element: {"method":"xpath","selector":"//*[text()='Recommended']"}
  (Session info: chrome=72.0.3626.109)
  (Driver info: chromedriver=73.0.3683.20 (8e2b610813e167eee3619ac4ce6e42e3ec622017),platform=Windows NT 10.0.15063 x86_64) (WARNING: The server did not provide any stacktrace information)
Command duration or timeout: 0 milliseconds
For documentation on this error, please visit: http://seleniumhq.org/exceptions/no_such_element.html
Build info: version: '3.6.0', revision: '6fbf3ec767', time: '2017-09-27T15:28:36.4Z'
System info: host: 'G9GPW5H2E', ip: '192.168.1.2', os.name: 'Windows 10', os.arch: 'amd64', os.version: '10.0', java.version: '1.8.0_201'
Driver info: org.openqa.selenium.chrome.ChromeDriver
Capabilities [{mobileEmulationEnabled=false, timeouts={implicit=0, pageLoad=300000, script=30000}, hasTouchScreen=false, platform=XP, acceptSslCerts=false, goog:chromeOptions={debuggerAddress=localhost:65385}, acceptInsecureCerts=false, webStorageEnabled=true, browserName=chrome, takesScreenshot=true, javascriptEnabled=true, platformName=XP, setWindowRect=true, unexpectedAlertBehaviour=ignore, applicationCacheEnabled=false, rotatable=false, networkConnectionEnabled=false, chrome={chromedriverVersion=73.0.3683.20 (8e2b610813e167eee3619ac4ce6e42e3ec622017), userDataDir=C:\Users\212720~1\AppData\Local\Temp\scoped_dir6524_25944}, takesHeapSnapshot=true, unhandledPromptBehavior=ignore, pageLoadStrategy=normal, strictFileInteractability=false, databaseEnabled=false, handlesAlerts=true, version=72.0.3626.109, browserConnectionEnabled=false, proxy=Proxy(), nativeEvents=true, locationContextEnabled=true, cssSelectorsEnabled=true}]
Session ID: 310247b3c6f77360cc4033908b8a0e8e
*** Element info: {Using=xpath, value=//*[text()='Recommended']}
	at cucumber.api.testng.TestNGCucumberRunner.runCucumber(TestNGCucumberRunner.java:69)
	at TestRunner.TestRunner.feature(TestRunner.java:31)
Caused by: org.openqa.selenium.NoSuchElementException: no such element: Unable to locate element: {"method":"xpath","selector":"//*[text()='Recommended']"}
  (Session info: chrome=72.0.3626.109)
  (Driver info: chromedriver=73.0.3683.20 (8e2b610813e167eee3619ac4ce6e42e3ec622017),platform=Windows NT 10.0.15063 x86_64) (WARNING: The server did not provide any stacktrace information)
Command duration or timeout: 0 milliseconds
For documentation on this error, please visit: http://seleniumhq.org/exceptions/no_such_element.html
Build info: version: '3.6.0', revision: '6fbf3ec767', time: '2017-09-27T15:28:36.4Z'
System info: host: 'G9GPW5H2E', ip: '192.168.1.2', os.name: 'Windows 10', os.arch: 'amd64', os.version: '10.0', java.version: '1.8.0_201'
Driver info: org.openqa.selenium.chrome.ChromeDriver
Capabilities [{mobileEmulationEnabled=false, timeouts={implicit=0, pageLoad=300000, script=30000}, hasTouchScreen=false, platform=XP, acceptSslCerts=false, goog:chromeOptions={debuggerAddress=localhost:65385}, acceptInsecureCerts=false, webStorageEnabled=true, browserName=chrome, takesScreenshot=true, javascriptEnabled=true, platformName=XP, setWindowRect=true, unexpectedAlertBehaviour=ignore, applicationCacheEnabled=false, rotatable=false, networkConnectionEnabled=false, chrome={chromedriverVersion=73.0.3683.20 (8e2b610813e167eee3619ac4ce6e42e3ec622017), userDataDir=C:\Users\212720~1\AppData\Local\Temp\scoped_dir6524_25944}, takesHeapSnapshot=true, unhandledPromptBehavior=ignore, pageLoadStrategy=normal, strictFileInteractability=false, databaseEnabled=false, handlesAlerts=true, version=72.0.3626.109, browserConnectionEnabled=false, proxy=Proxy(), nativeEvents=true, locationContextEnabled=true, cssSelectorsEnabled=true}]
Session ID: 310247b3c6f77360cc4033908b8a0e8e
*** Element info: {Using=xpath, value=//*[text()='Recommended']}
	at sun.reflect.NativeConstructorAccessorImpl.newInstance0(Native Method)
	at sun.reflect.NativeConstructorAccessorImpl.newInstance(Unknown Source)
	at sun.reflect.DelegatingConstructorAccessorImpl.newInstance(Unknown Source)
	at java.lang.reflect.Constructor.newInstance(Unknown Source)
	at org.openqa.selenium.remote.ErrorHandler.createThrowable(ErrorHandler.java:214)
	at org.openqa.selenium.remote.ErrorHandler.throwIfResponseFailed(ErrorHandler.java:166)
	at org.openqa.selenium.remote.http.JsonHttpResponseCodec.reconstructValue(JsonHttpResponseCodec.java:40)
	at org.openqa.selenium.remote.http.AbstractHttpResponseCodec.decode(AbstractHttpResponseCodec.java:82)
	at org.openqa.selenium.remote.http.AbstractHttpResponseCodec.decode(AbstractHttpResponseCodec.java:45)
	at org.openqa.selenium.remote.HttpCommandExecutor.execute(HttpCommandExecutor.java:164)
	at org.openqa.selenium.remote.service.DriverCommandExecutor.execute(DriverCommandExecutor.java:83)
	at org.openqa.selenium.remote.RemoteWebDriver.execute(RemoteWebDriver.java:586)
	at org.openqa.selenium.remote.RemoteWebDriver.findElement(RemoteWebDriver.java:356)
	at org.openqa.selenium.remote.RemoteWebDriver.findElementByXPath(RemoteWebDriver.java:458)
	at org.openqa.selenium.By$ByXPath.findElement(By.java:361)
	at org.openqa.selenium.remote.RemoteWebDriver.findElement(RemoteWebDriver.java:348)
	at StepDef.BookAppointmentsStepDef.the_user_books_a_slot(BookAppointmentsStepDef.java:65)
	at ✽.Then the user books a slot(WorkOrderCreation.feature:16)
</failure>
    <system-out><![CDATA[@SmaxRegression
Feature: WorkOrder Creation
This is Step 2
By.xpath: //*[@id='username'] is now available to take click or input
By.xpath: //*[@id='01r170000000VZ4_Tab']/a is now available to take click or input
By.xpath: //*[@id='fcf'] is now available to take click or input
By.xpath: //*[@id='filter_element']/div/span/span[1]/input is now available to take click or input
By.xpath: (.//*[contains(@href,'/a1r17000000')])[1] is now available to take click or input
[]
By.xpath: //*[@title='Clone'] is now available to take click or input
By.xpath: //*[@id='bottomButtonRow']/input[1] is now available to take click or input
The Workorder is : WO-00668561
Appointment Page
By.xpath: //*[@id='hidePoorSlot-inputEl'] is now available to take click or input

  Scenario: To book an appointment in the booking window                                                                  # WorkOrderCreation.feature:7
    Given the user  is on the  portal                                                                                     # WorkOrderCreationStepDef.the_user_is_on_the_portal()
    Then the user loggs in with the credentials as username"saswati.p@servicemax.com.optxpart1" and password"servicemax1" # WorkOrderCreationStepDef.the_user_loggs_in_with_the_credentials_as_username_and_password(String,String)
    Then validate the user has logged in the protal                                                                       # WorkOrderCreationStepDef.validate_the_user_has_logged_in_the_protal()
    Then click on the WorkOrders Tab                                                                                      # WorkOrderCreationStepDef.click_on_the_WorkOrders_Tab()
    Then Select the Regression View                                                                                       # WorkOrderCreationStepDef.select_the_Regression_View()
    Then Open the first workobject on the view                                                                            # WorkOrderCreationStepDef.open_the_first_workobject_on_the_view()
    Then clone the workobject                                                                                             # WorkOrderCreationStepDef.clone_the_workobject()
    Then the user clicks on the Get_Appointment_ECO                                                                       # BookAppointmentsStepDef.the_user_clicks_on_the()
    Then the user books a slot                                                                                            # BookAppointmentsStepDef.the_user_books_a_slot()
      org.openqa.selenium.NoSuchElementException: no such element: Unable to locate element: {"method":"xpath","selector":"//*[text()='Recommended']"}
        (Session info: chrome=72.0.3626.109)
        (Driver info: chromedriver=73.0.3683.20 (8e2b610813e167eee3619ac4ce6e42e3ec622017),platform=Windows NT 10.0.15063 x86_64) (WARNING: The server did not provide any stacktrace information)
      Command duration or timeout: 0 milliseconds
      For documentation on this error, please visit: http://seleniumhq.org/exceptions/no_such_element.html
      Build info: version: '3.6.0', revision: '6fbf3ec767', time: '2017-09-27T15:28:36.4Z'
      System info: host: 'G9GPW5H2E', ip: '192.168.1.2', os.name: 'Windows 10', os.arch: 'amd64', os.version: '10.0', java.version: '1.8.0_201'
      Driver info: org.openqa.selenium.chrome.ChromeDriver
      Capabilities [{mobileEmulationEnabled=false, timeouts={implicit=0, pageLoad=300000, script=30000}, hasTouchScreen=false, platform=XP, acceptSslCerts=false, goog:chromeOptions={debuggerAddress=localhost:65385}, acceptInsecureCerts=false, webStorageEnabled=true, browserName=chrome, takesScreenshot=true, javascriptEnabled=true, platformName=XP, setWindowRect=true, unexpectedAlertBehaviour=ignore, applicationCacheEnabled=false, rotatable=false, networkConnectionEnabled=false, chrome={chromedriverVersion=73.0.3683.20 (8e2b610813e167eee3619ac4ce6e42e3ec622017), userDataDir=C:\Users\212720~1\AppData\Local\Temp\scoped_dir6524_25944}, takesHeapSnapshot=true, unhandledPromptBehavior=ignore, pageLoadStrategy=normal, strictFileInteractability=false, databaseEnabled=false, handlesAlerts=true, version=72.0.3626.109, browserConnectionEnabled=false, proxy=Proxy(), nativeEvents=true, locationContextEnabled=true, cssSelectorsEnabled=true}]
      Session ID: 310247b3c6f77360cc4033908b8a0e8e
      *** Element info: {Using=xpath, value=//*[text()='Recommended']}
      	at sun.reflect.NativeConstructorAccessorImpl.newInstance0(Native Method)
      	at sun.reflect.NativeConstructorAccessorImpl.newInstance(Unknown Source)
      	at sun.reflect.DelegatingConstructorAccessorImpl.newInstance(Unknown Source)
      	at java.lang.reflect.Constructor.newInstance(Unknown Source)
      	at org.openqa.selenium.remote.ErrorHandler.createThrowable(ErrorHandler.java:214)
      	at org.openqa.selenium.remote.ErrorHandler.throwIfResponseFailed(ErrorHandler.java:166)
      	at org.openqa.selenium.remote.http.JsonHttpResponseCodec.reconstructValue(JsonHttpResponseCodec.java:40)
      	at org.openqa.selenium.remote.http.AbstractHttpResponseCodec.decode(AbstractHttpResponseCodec.java:82)
      	at org.openqa.selenium.remote.http.AbstractHttpResponseCodec.decode(AbstractHttpResponseCodec.java:45)
      	at org.openqa.selenium.remote.HttpCommandExecutor.execute(HttpCommandExecutor.java:164)
      	at org.openqa.selenium.remote.service.DriverCommandExecutor.execute(DriverCommandExecutor.java:83)
      	at org.openqa.selenium.remote.RemoteWebDriver.execute(RemoteWebDriver.java:586)
      	at org.openqa.selenium.remote.RemoteWebDriver.findElement(RemoteWebDriver.java:356)
      	at org.openqa.selenium.remote.RemoteWebDriver.findElementByXPath(RemoteWebDriver.java:458)
      	at org.openqa.selenium.By$ByXPath.findElement(By.java:361)
      	at org.openqa.selenium.remote.RemoteWebDriver.findElement(RemoteWebDriver.java:348)
      	at StepDef.BookAppointmentsStepDef.the_user_books_a_slot(BookAppointmentsStepDef.java:65)
      	at ?.Then the user books a slot(WorkOrderCreation.feature:16)

]]></system-out>
    <system-err><![CDATA[Starting ChromeDriver 73.0.3683.20 (8e2b610813e167eee3619ac4ce6e42e3ec622017) on port 25508
Only local connections are allowed.
Please protect ports used by ChromeDriver and related test frameworks to prevent access by malicious code.
log4j:WARN No appenders could be found for logger (org.apache.http.client.protocol.RequestAddCookies).
log4j:WARN Please initialize the log4j system properly.
log4j:WARN See http://logging.apache.org/log4j/1.2/faq.html#noconfig for more info.
Feb 19, 2019 7:59:45 AM org.openqa.selenium.remote.ProtocolHandshake createSession
INFO: Detected dialect: OSS
log4j:WARN Fatal parsing error 46 and column 9
log4j:WARN XML document structures must start and end within the same entity.
log4j:ERROR Could not parse file [log4j.xml].
org.xml.sax.SAXParseException; systemId: file:/C:/Smax/MaxSeleniumFramework/log4j.xml; lineNumber: 46; columnNumber: 9; XML document structures must start and end within the same entity.
	at com.sun.org.apache.xerces.internal.parsers.DOMParser.parse(Unknown Source)
	at com.sun.org.apache.xerces.internal.jaxp.DocumentBuilderImpl.parse(Unknown Source)
	at javax.xml.parsers.DocumentBuilder.parse(Unknown Source)
	at org.apache.log4j.xml.DOMConfigurator$1.parse(DOMConfigurator.java:749)
	at org.apache.log4j.xml.DOMConfigurator.doConfigure(DOMConfigurator.java:871)
	at org.apache.log4j.xml.DOMConfigurator.doConfigure(DOMConfigurator.java:755)
	at org.apache.log4j.xml.DOMConfigurator.configure(DOMConfigurator.java:896)
	at Utility.SDriver.<init>(SDriver.java:48)
	at Utility.SDriver.getInstanceOfSingletonBrowserClass(SDriver.java:63)
	at StepDef.WorkOrderCreationStepDef.<clinit>(WorkOrderCreationStepDef.java:37)
	at sun.reflect.NativeConstructorAccessorImpl.newInstance0(Native Method)
	at sun.reflect.NativeConstructorAccessorImpl.newInstance(Unknown Source)
	at sun.reflect.DelegatingConstructorAccessorImpl.newInstance(Unknown Source)
	at java.lang.reflect.Constructor.newInstance(Unknown Source)
	at cucumber.runtime.java.DefaultJavaObjectFactory.cacheNewInstance(DefaultJavaObjectFactory.java:41)
	at cucumber.runtime.java.DefaultJavaObjectFactory.getInstance(DefaultJavaObjectFactory.java:33)
	at cucumber.runtime.java.JavaStepDefinition.execute(JavaStepDefinition.java:38)
	at cucumber.runtime.StepDefinitionMatch.runStep(StepDefinitionMatch.java:37)
	at cucumber.runtime.Runtime.runStep(Runtime.java:300)
	at cucumber.runtime.model.StepContainer.runStep(StepContainer.java:44)
	at cucumber.runtime.model.StepContainer.runSteps(StepContainer.java:39)
	at cucumber.runtime.model.CucumberScenario.run(CucumberScenario.java:44)
	at cucumber.runtime.model.CucumberFeature.run(CucumberFeature.java:165)
	at cucumber.api.testng.TestNGCucumberRunner.runCucumber(TestNGCucumberRunner.java:63)
	at TestRunner.TestRunner.feature(TestRunner.java:31)
	at sun.reflect.NativeMethodAccessorImpl.invoke0(Native Method)
	at sun.reflect.NativeMethodAccessorImpl.invoke(Unknown Source)
	at sun.reflect.DelegatingMethodAccessorImpl.invoke(Unknown Source)
	at java.lang.reflect.Method.invoke(Unknown Source)
	at org.testng.internal.MethodInvocationHelper.invokeMethod(MethodInvocationHelper.java:86)
	at org.testng.internal.Invoker.invokeMethod(Invoker.java:643)
	at org.testng.internal.Invoker.invokeTestMethod(Invoker.java:820)
	at org.testng.internal.Invoker.invokeTestMethods(Invoker.java:1128)
	at org.testng.internal.TestMethodWorker.invokeTestMethods(TestMethodWorker.java:129)
	at org.testng.internal.TestMethodWorker.run(TestMethodWorker.java:112)
	at org.testng.TestRunner.privateRun(TestRunner.java:782)
	at org.testng.TestRunner.run(TestRunner.java:632)
	at org.testng.SuiteRunner.runTest(SuiteRunner.java:366)
	at org.testng.SuiteRunner.runSequentially(SuiteRunner.java:361)
	at org.testng.SuiteRunner.privateRun(SuiteRunner.java:319)
	at org.testng.SuiteRunner.run(SuiteRunner.java:268)
	at org.testng.SuiteRunnerWorker.runSuite(SuiteRunnerWorker.java:52)
	at org.testng.SuiteRunnerWorker.run(SuiteRunnerWorker.java:86)
	at org.testng.TestNG.runSuitesSequentially(TestNG.java:1244)
	at org.testng.TestNG.runSuitesLocally(TestNG.java:1169)
	at org.testng.TestNG.run(TestNG.java:1064)
	at org.apache.maven.surefire.testng.TestNGExecutor.run(TestNGExecutor.java:295)
	at org.apache.maven.surefire.testng.TestNGXmlTestSuite.execute(TestNGXmlTestSuite.java:84)
	at org.apache.maven.surefire.testng.TestNGProvider.invoke(TestNGProvider.java:90)
	at sun.reflect.NativeMethodAccessorImpl.invoke0(Native Method)
	at sun.reflect.NativeMethodAccessorImpl.invoke(Unknown Source)
	at sun.reflect.DelegatingMethodAccessorImpl.invoke(Unknown Source)
	at java.lang.reflect.Method.invoke(Unknown Source)
	at org.apache.maven.surefire.util.ReflectionUtils.invokeMethodWithArray2(ReflectionUtils.java:208)
	at org.apache.maven.surefire.booter.ProviderFactory$ProviderProxy.invoke(ProviderFactory.java:155)
	at org.apache.maven.surefire.booter.ProviderFactory.invokeProvider(ProviderFactory.java:81)
	at org.apache.maven.plugin.surefire.InPluginVMSurefireStarter.runSuitesInProcess(InPluginVMSurefireStarter.java:82)
	at org.apache.maven.plugin.surefire.AbstractSurefireMojo.executeProvider(AbstractSurefireMojo.java:974)
	at org.apache.maven.plugin.surefire.AbstractSurefireMojo.executeAfterPreconditionsChecked(AbstractSurefireMojo.java:824)
	at org.apache.maven.plugin.surefire.AbstractSurefireMojo.execute(AbstractSurefireMojo.java:722)
	at org.apache.maven.plugin.DefaultBuildPluginManager.executeMojo(DefaultBuildPluginManager.java:137)
	at org.apache.maven.lifecycle.internal.MojoExecutor.execute(MojoExecutor.java:208)
	at org.apache.maven.lifecycle.internal.MojoExecutor.execute(MojoExecutor.java:154)
	at org.apache.maven.lifecycle.internal.MojoExecutor.execute(MojoExecutor.java:146)
	at org.apache.maven.lifecycle.internal.LifecycleModuleBuilder.buildProject(LifecycleModuleBuilder.java:117)
	at org.apache.maven.lifecycle.internal.LifecycleModuleBuilder.buildProject(LifecycleModuleBuilder.java:81)
	at org.apache.maven.lifecycle.internal.builder.singlethreaded.SingleThreadedBuilder.build(SingleThreadedBuilder.java:56)
	at org.apache.maven.lifecycle.internal.LifecycleStarter.execute(LifecycleStarter.java:128)
	at org.apache.maven.DefaultMaven.doExecute(DefaultMaven.java:305)
	at org.apache.maven.DefaultMaven.doExecute(DefaultMaven.java:192)
	at org.apache.maven.DefaultMaven.execute(DefaultMaven.java:105)
	at org.apache.maven.cli.MavenCli.execute(MavenCli.java:956)
	at org.apache.maven.cli.MavenCli.doMain(MavenCli.java:290)
	at org.apache.maven.cli.MavenCli.main(MavenCli.java:194)
	at sun.reflect.NativeMethodAccessorImpl.invoke0(Native Method)
	at sun.reflect.NativeMethodAccessorImpl.invoke(Unknown Source)
	at sun.reflect.DelegatingMethodAccessorImpl.invoke(Unknown Source)
	at java.lang.reflect.Method.invoke(Unknown Source)
	at org.codehaus.plexus.classworlds.launcher.Launcher.launchEnhanced(Launcher.java:289)
	at org.codehaus.plexus.classworlds.launcher.Launcher.launch(Launcher.java:229)
	at org.codehaus.plexus.classworlds.launcher.Launcher.mainWithExitCode(Launcher.java:415)
	at org.codehaus.plexus.classworlds.launcher.Launcher.main(Launcher.java:356)
Feb 19, 2019 7:59:45 AM Utility.SDriver <init>
INFO: New driver instantiated
Feb 19, 2019 8:00:00 AM Utility.SDriver WaitfordocStateReady
INFO: Page has not loaded:0 sec
Feb 19, 2019 8:00:00 AM Utility.SDriver WaitfortheElementtobevisible
INFO: By.xpath: //*[@id='username'] waiting for the element to be visible
Feb 19, 2019 8:00:00 AM Utility.SDriver WaitfortheElementtobevisible
INFO: By.xpath: //*[@id='username'] element is  visible
Feb 19, 2019 8:00:12 AM Utility.SDriver WaitfordocStateReady
INFO: Page has not loaded:0 sec
Feb 19, 2019 8:00:14 AM Utility.SDriver WaitfortheElementtobevisible
INFO: By.xpath: //*[@id='01r170000000VZ4_Tab']/a waiting for the element to be visible
Feb 19, 2019 8:00:14 AM Utility.SDriver WaitfortheElementtobevisible
INFO: By.xpath: //*[@id='01r170000000VZ4_Tab']/a element is  visible
Feb 19, 2019 8:00:23 AM Utility.SDriver WaitfordocStateReady
INFO: Page has not loaded:0 sec
Feb 19, 2019 8:00:23 AM Utility.SDriver WaitfortheElementtobevisible
INFO: By.xpath: //*[@id='fcf'] waiting for the element to be visible
Feb 19, 2019 8:00:23 AM Utility.SDriver WaitfortheElementtobevisible
INFO: By.xpath: //*[@id='fcf'] element is  visible
Feb 19, 2019 8:00:23 AM Utility.SDriver WaitfortheElementtobevisible
INFO: By.xpath: //*[@id='filter_element']/div/span/span[1]/input waiting for the element to be visible
Feb 19, 2019 8:00:23 AM Utility.SDriver WaitfortheElementtobevisible
INFO: By.xpath: //*[@id='filter_element']/div/span/span[1]/input element is  visible
Feb 19, 2019 8:00:34 AM Utility.SDriver WaitfordocStateReady
INFO: Page has not loaded:0 sec
Feb 19, 2019 8:00:34 AM Utility.SDriver WaitfortheElementtobevisible
INFO: By.xpath: (.//*[contains(@href,'/a1r17000000')])[1] waiting for the element to be visible
Feb 19, 2019 8:00:34 AM Utility.SDriver WaitfortheElementtobevisible
INFO: By.xpath: (.//*[contains(@href,'/a1r17000000')])[1] element is  visible
Feb 19, 2019 8:00:51 AM Utility.SDriver WaitfordocStateReady
INFO: Page has not loaded:0 sec
Feb 19, 2019 8:00:51 AM Utility.SDriver WaitfortheElementtobevisible
INFO: By.xpath: //*[@title='Clone'] waiting for the element to be visible
Feb 19, 2019 8:00:51 AM Utility.SDriver WaitfortheElementtobevisible
INFO: By.xpath: //*[@title='Clone'] element is  visible
Feb 19, 2019 8:01:00 AM Utility.SDriver WaitfordocStateReady
INFO: Page has not loaded:0 sec
Feb 19, 2019 8:01:07 AM Utility.SDriver WaitfordocStateReady
INFO: Page has not loaded:0 sec
Feb 19, 2019 8:01:14 AM Utility.SDriver WaitfordocStateReady
INFO: Page has not loaded:0 sec
Feb 19, 2019 8:01:21 AM Utility.SDriver WaitfordocStateReady
INFO: Page has not loaded:0 sec
Feb 19, 2019 8:01:29 AM Utility.SDriver WaitfordocStateReady
INFO: Page has not loaded:0 sec
Feb 19, 2019 8:01:29 AM Utility.SDriver WaitfortheElementtobevisible
INFO: By.xpath: //*[@id='bottomButtonRow']/input[1] waiting for the element to be visible
Feb 19, 2019 8:01:29 AM Utility.SDriver WaitfortheElementtobevisible
INFO: By.xpath: //*[@id='bottomButtonRow']/input[1] element is  visible
Feb 19, 2019 8:01:42 AM Utility.SDriver WaitfordocStateReady
INFO: Page has not loaded:0 sec
Feb 19, 2019 8:01:54 AM Utility.SDriver WaitfordocStateReady
INFO: Page has not loaded:0 sec
Feb 19, 2019 8:02:02 AM Utility.SDriver WaitfordocStateReady
INFO: Page has not loaded:0 sec
Feb 19, 2019 8:02:09 AM Utility.SDriver WaitfordocStateReady
INFO: Page has not loaded:0 sec
Feb 19, 2019 8:02:09 AM Utility.SDriver WaitfortheElementtobevisible
INFO: By.xpath: //*[@id='hidePoorSlot-inputEl'] waiting for the element to be visible
Feb 19, 2019 8:02:09 AM Utility.SDriver WaitfortheElementtobevisible
INFO: By.xpath: //*[@id='hidePoorSlot-inputEl'] element is  visible
Feb 19, 2019 8:02:16 AM Utility.SDriver WaitfordocStateReady
INFO: Page has not loaded:0 sec
Feb 19, 2019 8:02:23 AM Utility.SDriver WaitfordocStateReady
INFO: Page has not loaded:0 sec
Feb 19, 2019 8:02:30 AM Utility.SDriver WaitfordocStateReady
INFO: Page has not loaded:0 sec
]]></system-err>
  </testcase>
</testsuite>