-------------------------------------------------------------------------------
Test set: TestSuite
-------------------------------------------------------------------------------
Tests run: 1, Failures: 1, Errors: 0, Skipped: 0, Time elapsed: 159.162 sec <<< FAILURE! - in TestSuite
feature(TestRunner.TestRunner)  Time elapsed: 158.426 sec  <<< FAILURE!
cucumber.runtime.CucumberException: org.openqa.selenium.WebDriverException: unknown error: Element <input type="button" id="hidePoorSlot-inputEl" class="svmx-form-field svmx-form-checkbox" autocomplete="off" hidefocus="true" aria-invalid="false" data-errorqtip="" style="user-select: text;"> is not clickable at point (791, 104). Other element would receive the click: <div id="_svmx_cmp_load_mask_1" class="svmx-loadmask svmx-wait-cursor" style="top: 0px; left: 0px; height: 677px; width: 1366px; display: block;"></div>
  (Session info: chrome=72.0.3626.109)
  (Driver info: chromedriver=73.0.3683.20 (8e2b610813e167eee3619ac4ce6e42e3ec622017),platform=Windows NT 10.0.15063 x86_64) (WARNING: The server did not provide any stacktrace information)
Command duration or timeout: 0 milliseconds
Build info: version: '3.6.0', revision: '6fbf3ec767', time: '2017-09-27T15:28:36.4Z'
System info: host: 'G9GPW5H2E', ip: '192.168.0.141', os.name: 'Windows 10', os.arch: 'amd64', os.version: '10.0', java.version: '1.8.0_201'
Driver info: org.openqa.selenium.chrome.ChromeDriver
Capabilities [{mobileEmulationEnabled=false, timeouts={implicit=0, pageLoad=300000, script=30000}, hasTouchScreen=false, platform=XP, acceptSslCerts=false, goog:chromeOptions={debuggerAddress=localhost:58568}, acceptInsecureCerts=false, webStorageEnabled=true, browserName=chrome, takesScreenshot=true, javascriptEnabled=true, platformName=XP, setWindowRect=true, unexpectedAlertBehaviour=ignore, applicationCacheEnabled=false, rotatable=false, networkConnectionEnabled=false, chrome={chromedriverVersion=73.0.3683.20 (8e2b610813e167eee3619ac4ce6e42e3ec622017), userDataDir=C:\Users\212720~1\AppData\Local\Temp\scoped_dir18020_12935}, takesHeapSnapshot=true, unhandledPromptBehavior=ignore, pageLoadStrategy=normal, strictFileInteractability=false, databaseEnabled=false, handlesAlerts=true, version=72.0.3626.109, browserConnectionEnabled=false, proxy=Proxy(), nativeEvents=true, locationContextEnabled=true, cssSelectorsEnabled=true}]
Session ID: 51a8790d6d5ca23cf80277e3452ce776
	at cucumber.api.testng.TestNGCucumberRunner.runCucumber(TestNGCucumberRunner.java:69)
	at TestRunner.TestRunner.feature(TestRunner.java:31)
Caused by: org.openqa.selenium.WebDriverException: unknown error: Element <input type="button" id="hidePoorSlot-inputEl" class="svmx-form-field svmx-form-checkbox" autocomplete="off" hidefocus="true" aria-invalid="false" data-errorqtip="" style="user-select: text;"> is not clickable at point (791, 104). Other element would receive the click: <div id="_svmx_cmp_load_mask_1" class="svmx-loadmask svmx-wait-cursor" style="top: 0px; left: 0px; height: 677px; width: 1366px; display: block;"></div>
  (Session info: chrome=72.0.3626.109)
  (Driver info: chromedriver=73.0.3683.20 (8e2b610813e167eee3619ac4ce6e42e3ec622017),platform=Windows NT 10.0.15063 x86_64) (WARNING: The server did not provide any stacktrace information)
Command duration or timeout: 0 milliseconds
Build info: version: '3.6.0', revision: '6fbf3ec767', time: '2017-09-27T15:28:36.4Z'
System info: host: 'G9GPW5H2E', ip: '192.168.0.141', os.name: 'Windows 10', os.arch: 'amd64', os.version: '10.0', java.version: '1.8.0_201'
Driver info: org.openqa.selenium.chrome.ChromeDriver
Capabilities [{mobileEmulationEnabled=false, timeouts={implicit=0, pageLoad=300000, script=30000}, hasTouchScreen=false, platform=XP, acceptSslCerts=false, goog:chromeOptions={debuggerAddress=localhost:58568}, acceptInsecureCerts=false, webStorageEnabled=true, browserName=chrome, takesScreenshot=true, javascriptEnabled=true, platformName=XP, setWindowRect=true, unexpectedAlertBehaviour=ignore, applicationCacheEnabled=false, rotatable=false, networkConnectionEnabled=false, chrome={chromedriverVersion=73.0.3683.20 (8e2b610813e167eee3619ac4ce6e42e3ec622017), userDataDir=C:\Users\212720~1\AppData\Local\Temp\scoped_dir18020_12935}, takesHeapSnapshot=true, unhandledPromptBehavior=ignore, pageLoadStrategy=normal, strictFileInteractability=false, databaseEnabled=false, handlesAlerts=true, version=72.0.3626.109, browserConnectionEnabled=false, proxy=Proxy(), nativeEvents=true, locationContextEnabled=true, cssSelectorsEnabled=true}]
Session ID: 51a8790d6d5ca23cf80277e3452ce776
	at sun.reflect.NativeConstructorAccessorImpl.newInstance0(Native Method)
	at sun.reflect.NativeConstructorAccessorImpl.newInstance(Unknown Source)
	at sun.reflect.DelegatingConstructorAccessorImpl.newInstance(Unknown Source)
	at java.lang.reflect.Constructor.newInstance(Unknown Source)
	at org.openqa.selenium.remote.ErrorHandler.createThrowable(ErrorHandler.java:214)
	at org.openqa.selenium.remote.ErrorHandler.throwIfResponseFailed(ErrorHandler.java:166)
	at org.openqa.selenium.remote.http.JsonHttpResponseCodec.reconstructValue(JsonHttpResponseCodec.java:40)
	at org.openqa.selenium.remote.http.AbstractHttpResponseCodec.decode(AbstractHttpResponseCodec.java:82)
	at org.openqa.selenium.remote.http.AbstractHttpResponseCodec.decode(AbstractHttpResponseCodec.java:45)
	at org.openqa.selenium.remote.HttpCommandExecutor.execute(HttpCommandExecutor.java:164)
	at org.openqa.selenium.remote.service.DriverCommandExecutor.execute(DriverCommandExecutor.java:83)
	at org.openqa.selenium.remote.RemoteWebDriver.execute(RemoteWebDriver.java:586)
	at org.openqa.selenium.remote.RemoteWebElement.execute(RemoteWebElement.java:279)
	at org.openqa.selenium.remote.RemoteWebElement.click(RemoteWebElement.java:83)
	at StepDef.BookAppointmentsStepDef.the_user_clicks_on_the(BookAppointmentsStepDef.java:77)
	at ?.Then the user clicks on the Get_Appointment_ECO(WorkOrderCreation.feature:15)

